#
# There is insufficient memory for the Java Runtime Environment to continue.
# Native memory allocation (malloc) failed to allocate 1749296 bytes for Chunk::new
# Possible reasons:
#   The system is out of physical RAM or swap space
#   The process is running with CompressedOops enabled, and the Java Heap may be blocking the growth of the native heap
# Possible solutions:
#   Reduce memory load on the system
#   Increase physical memory or swap space
#   Check if swap backing store is full
#   Decrease Java heap size (-Xmx/-Xms)
#   Decrease number of Java threads
#   Decrease Java thread stack sizes (-Xss)
#   Set larger code cache with -XX:ReservedCodeCacheSize=
#   JVM is running with Unscaled Compressed Oops mode in which the Java heap is
#     placed in the first 4GB address space. The Java Heap base address is the
#     maximum limit for the native heap growth. Please use -XX:HeapBaseMinAddress
#     to set the Java Heap base and to place the Java Heap above 4GB virtual address.
# This output file may be truncated or incomplete.
#
#  Out of Memory Error (./src/hotspot/share/memory/arena.cpp:197), pid=28556, tid=28660
#
# JRE version: OpenJDK Runtime Environment (11.0.8+10) (build 11.0.8+10-b944.6842174)
# Java VM: OpenJDK 64-Bit Server VM (11.0.8+10-b944.6842174, mixed mode, tiered, compressed oops, g1 gc, windows-amd64)
# No core dump will be written. Minidumps are not enabled by default on client versions of Windows
#

---------------  S U M M A R Y ------------

Command Line: --add-opens=java.base/java.util=ALL-UNNAMED --add-opens=java.base/java.lang=ALL-UNNAMED --add-opens=java.base/java.lang.invoke=ALL-UNNAMED --add-opens=java.prefs/java.util.prefs=ALL-UNNAMED -Xmx1536m -Dfile.encoding=windows-1252 -Duser.country=IN -Duser.language=en -Duser.variant org.gradle.launcher.daemon.bootstrap.GradleDaemon 6.5

Host: 11th Gen Intel(R) Core(TM) i5-1135G7 @ 2.40GHz, 8 cores, 7G,  Windows 10 , 64 bit Build 22000 (10.0.22000.434)
Time: Thu Mar 31 14:50:44 2022 India Standard Time elapsed time: 6 seconds (0d 0h 0m 6s)

---------------  T H R E A D  ---------------

Current thread (0x000001542710a800):  JavaThread "C2 CompilerThread0" daemon [_thread_in_native, id=28660, stack(0x0000003091f00000,0x0000003092000000)]


Current CompileTask:
C2:   6408 4060       4       groovy.lang.MetaClassImpl$1MOPIter::methodNameAction (325 bytes)

Stack: [0x0000003091f00000,0x0000003092000000]
Native frames: (J=compiled Java code, j=interpreted, Vv=VM code, C=native code)
V  [jvm.dll+0x5de50a]
V  [jvm.dll+0x7122f5]
V  [jvm.dll+0x71384d]
V  [jvm.dll+0x713f03]
V  [jvm.dll+0x23e728]
V  [jvm.dll+0xb899c]
V  [jvm.dll+0xb8e9c]
V  [jvm.dll+0x35020b]
V  [jvm.dll+0x31dea3]
V  [jvm.dll+0x31d39a]
V  [jvm.dll+0x1f7702]
V  [jvm.dll+0x1f68d4]
V  [jvm.dll+0x17f32c]
V  [jvm.dll+0x205047]
V  [jvm.dll+0x203891]
V  [jvm.dll+0x6dad3f]
V  [jvm.dll+0x6d3895]
V  [jvm.dll+0x5dd4a6]
C  [ucrtbase.dll+0x26c0c]
C  [KERNEL32.DLL+0x154e0]
C  [ntdll.dll+0x485b]


---------------  P R O C E S S  ---------------

Threads class SMR info:
_java_thread_list=0x000001542a63bc40, length=125, elements={
0x000001540d95a000, 0x00000154270e8000, 0x0000015427100800, 0x0000015427a83000,
0x0000015427108000, 0x000001542710a800, 0x0000015427110000, 0x0000015427111000,
0x0000015427bcf000, 0x0000015427c21800, 0x0000015428e1d800, 0x0000015428b7f000,
0x00000154293d8800, 0x00000154294a2800, 0x000001542871c800, 0x0000015428a14800,
0x000001542871e800, 0x0000015428e5c800, 0x0000015429194800, 0x0000015428fc3000,
0x000001542a2e4000, 0x000001542a2df000, 0x000001542a2e2000, 0x000001542a2de000,
0x000001542a2e3000, 0x000001542a2e1800, 0x000001542a2e4800, 0x000001542a2e0800,
0x000001542a2df800, 0x000001542bd63000, 0x000001542bd60800, 0x000001542bd61000,
0x000001542bd63800, 0x000001542bd64800, 0x000001542bd67000, 0x000001542bd66000,
0x000001542bd6b000, 0x000001542bd67800, 0x000001542bd65800, 0x000001542bd6a000,
0x000001542bd69800, 0x000001542bd6c000, 0x000001542bd6c800, 0x000001542bd6d800,
0x000001542bd6e800, 0x000001542bd68800, 0x000001542bd6f000, 0x0000015428802000,
0x0000015428800800, 0x0000015428800000, 0x00000154287fd800, 0x00000154287fe000,
0x0000015428803000, 0x0000015428804800, 0x0000015428804000, 0x00000154287ff000,
0x0000015428801800, 0x0000015428808000, 0x000001542880b000, 0x0000015428809800,
0x0000015428805800, 0x000001542880c000, 0x0000015428806800, 0x0000015428807000,
0x0000015428809000, 0x000001542880a800, 0x0000015427f27800, 0x0000015427f28800,
0x0000015427f29000, 0x0000015427f2b800, 0x0000015427f2a000, 0x0000015427f2b000,
0x0000015427f26000, 0x0000015427f2c800, 0x0000015427f27000, 0x0000015427f33000,
0x0000015427f2e000, 0x0000015427f2f000, 0x0000015427f2f800, 0x0000015427f2d800,
0x0000015427f30800, 0x0000015427f31800, 0x0000015427f34000, 0x0000015427f32000,
0x0000015427f34800, 0x000001542806e800, 0x000001542806d800, 0x000001542806d000,
0x000001542806a800, 0x000001542806f000, 0x000001542806b000, 0x0000015428069800,
0x0000015428070000, 0x0000015428071000, 0x0000015428071800, 0x000001542806c000,
0x0000015428077800, 0x0000015428072800, 0x0000015428078000, 0x0000015428073800,
0x0000015428074000, 0x0000015428075000, 0x0000015428075800, 0x0000015428076800,
0x000001542ab16000, 0x000001542ab1b800, 0x000001542ab17800, 0x000001542ab1a000,
0x000001542ab18000, 0x000001542ab1a800, 0x000001542ab19000, 0x000001542ab1c800,
0x000001542ab16800, 0x000001542ab22000, 0x000001542ab1e800, 0x000001542ab1d000,
0x000001542ab1f800, 0x000001542ab20800, 0x000001542ab23000, 0x000001542ab21000,
0x000001542ab23800, 0x000001542ab1e000, 0x000001542ab24800, 0x000001542adea000,
0x000001542ade9800
}

Java Threads: ( => current thread )
  0x000001540d95a000 JavaThread "main" [_thread_blocked, id=28616, stack(0x0000003091400000,0x0000003091500000)]
  0x00000154270e8000 JavaThread "Reference Handler" daemon [_thread_blocked, id=28644, stack(0x0000003091b00000,0x0000003091c00000)]
  0x0000015427100800 JavaThread "Finalizer" daemon [_thread_blocked, id=28648, stack(0x0000003091c00000,0x0000003091d00000)]
  0x0000015427a83000 JavaThread "Signal Dispatcher" daemon [_thread_blocked, id=28652, stack(0x0000003091d00000,0x0000003091e00000)]
  0x0000015427108000 JavaThread "Attach Listener" daemon [_thread_blocked, id=28656, stack(0x0000003091e00000,0x0000003091f00000)]
=>0x000001542710a800 JavaThread "C2 CompilerThread0" daemon [_thread_in_native, id=28660, stack(0x0000003091f00000,0x0000003092000000)]
  0x0000015427110000 JavaThread "C1 CompilerThread0" daemon [_thread_blocked, id=28664, stack(0x0000003092000000,0x0000003092100000)]
  0x0000015427111000 JavaThread "Sweeper thread" daemon [_thread_blocked, id=28668, stack(0x0000003092100000,0x0000003092200000)]
  0x0000015427bcf000 JavaThread "Common-Cleaner" daemon [_thread_blocked, id=5240, stack(0x0000003092200000,0x0000003092300000)]
  0x0000015427c21800 JavaThread "Service Thread" daemon [_thread_blocked, id=17200, stack(0x0000003092300000,0x0000003092400000)]
  0x0000015428e1d800 JavaThread "Daemon health stats" [_thread_blocked, id=27808, stack(0x0000003092600000,0x0000003092700000)]
  0x0000015428b7f000 JavaThread "Incoming local TCP Connector on port 63185" [_thread_in_native, id=11696, stack(0x0000003092900000,0x0000003092a00000)]
  0x00000154293d8800 JavaThread "Daemon periodic checks" [_thread_blocked, id=11784, stack(0x0000003092a00000,0x0000003092b00000)]
  0x00000154294a2800 JavaThread "Daemon" [_thread_blocked, id=27976, stack(0x0000003092b00000,0x0000003092c00000)]
  0x000001542871c800 JavaThread "Handler for socket connection from /127.0.0.1:63185 to /127.0.0.1:63186" [_thread_in_native, id=15572, stack(0x0000003092c00000,0x0000003092d00000)]
  0x0000015428a14800 JavaThread "Cancel handler" [_thread_blocked, id=15664, stack(0x0000003092d00000,0x0000003092e00000)]
  0x000001542871e800 JavaThread "Daemon worker" [_thread_in_native, id=14948, stack(0x0000003092e00000,0x0000003092f00000)]
  0x0000015428e5c800 JavaThread "Asynchronous log dispatcher for DefaultDaemonConnection: socket connection from /127.0.0.1:63185 to /127.0.0.1:63186" [_thread_blocked, id=11356, stack(0x0000003092f00000,0x0000003093000000)]
  0x0000015429194800 JavaThread "Stdin handler" [_thread_blocked, id=5260, stack(0x0000003093000000,0x0000003093100000)]
  0x0000015428fc3000 JavaThread "Thread-8" [_thread_blocked, id=19188, stack(0x0000003093100000,0x0000003093200000)]
  0x000001542a2e4000 JavaThread "Cache worker for journal cache (C:\Users\Dell\.gradle\caches\journal-1)" [_thread_blocked, id=28088, stack(0x0000003093800000,0x0000003093900000)]
  0x000001542a2df000 JavaThread "File lock request listener" [_thread_in_native, id=27772, stack(0x0000003093900000,0x0000003093a00000)]
  0x000001542a2e2000 JavaThread "Cache worker for file hash cache (C:\Users\Dell\.gradle\caches\6.5\fileHashes)" [_thread_blocked, id=28084, stack(0x0000003093a00000,0x0000003093b00000)]
  0x000001542a2de000 JavaThread "Cache worker for file hash cache (F:\Kaveri\Kaveri\.gradle\6.5\fileHashes)" [_thread_blocked, id=27928, stack(0x0000003093c00000,0x0000003093d00000)]
  0x000001542a2e3000 JavaThread "jar transforms" [_thread_blocked, id=28044, stack(0x0000003093d00000,0x0000003093e00000)]
  0x000001542a2e1800 JavaThread "jar transforms Thread 2" [_thread_blocked, id=3492, stack(0x0000003093e00000,0x0000003093f00000)]
  0x000001542a2e4800 JavaThread "jar transforms Thread 3" [_thread_blocked, id=28136, stack(0x0000003093f00000,0x0000003094000000)]
  0x000001542a2e0800 JavaThread "jar transforms Thread 4" [_thread_blocked, id=16808, stack(0x0000003094000000,0x0000003094100000)]
  0x000001542a2df800 JavaThread "jar transforms Thread 5" [_thread_blocked, id=24256, stack(0x0000003094100000,0x0000003094200000)]
  0x000001542bd63000 JavaThread "jar transforms Thread 6" [_thread_blocked, id=20440, stack(0x0000003094200000,0x0000003094300000)]
  0x000001542bd60800 JavaThread "Cache worker for checksums cache (F:\Kaveri\Kaveri\.gradle\checksums)" [_thread_blocked, id=28140, stack(0x0000003094300000,0x0000003094400000)]
  0x000001542bd61000 JavaThread "Cache worker for cache directory md-supplier (C:\Users\Dell\.gradle\caches\6.5\md-supplier)" [_thread_blocked, id=22352, stack(0x0000003094400000,0x0000003094500000)]
  0x000001542bd63800 JavaThread "Cache worker for cache directory md-rule (C:\Users\Dell\.gradle\caches\6.5\md-rule)" [_thread_blocked, id=28192, stack(0x0000003094500000,0x0000003094600000)]
  0x000001542bd64800 JavaThread "Cache worker for execution history cache (C:\Users\Dell\.gradle\caches\6.5\executionHistory)" [_thread_blocked, id=28128, stack(0x0000003094600000,0x0000003094700000)]
  0x000001542bd67000 JavaThread "Cache worker for file content cache (C:\Users\Dell\.gradle\caches\6.5\fileContent)" [_thread_blocked, id=28236, stack(0x0000003094700000,0x0000003094800000)]
  0x000001542bd66000 JavaThread "Build operations" [_thread_blocked, id=28212, stack(0x0000003094800000,0x0000003094900000)]
  0x000001542bd6b000 JavaThread "Build operations Thread 2" [_thread_blocked, id=28264, stack(0x0000003094900000,0x0000003094a00000)]
  0x000001542bd67800 JavaThread "Build operations Thread 3" [_thread_blocked, id=28200, stack(0x0000003094a00000,0x0000003094b00000)]
  0x000001542bd65800 JavaThread "Build operations Thread 4" [_thread_blocked, id=28208, stack(0x0000003094b00000,0x0000003094c00000)]
  0x000001542bd6a000 JavaThread "Build operations Thread 5" [_thread_blocked, id=24636, stack(0x0000003094c00000,0x0000003094d00000)]
  0x000001542bd69800 JavaThread "Build operations Thread 6" [_thread_blocked, id=24628, stack(0x0000003094d00000,0x0000003094e00000)]
  0x000001542bd6c000 JavaThread "Build operations Thread 7" [_thread_blocked, id=24632, stack(0x0000003094e00000,0x0000003094f00000)]
  0x000001542bd6c800 JavaThread "Build operations Thread 8" [_thread_blocked, id=28300, stack(0x0000003094f00000,0x0000003095000000)]
  0x000001542bd6d800 JavaThread "jar transforms Thread 7" [_thread_blocked, id=28308, stack(0x0000003095000000,0x0000003095100000)]
  0x000001542bd6e800 JavaThread "jar transforms Thread 8" [_thread_blocked, id=28296, stack(0x0000003095100000,0x0000003095200000)]
  0x000001542bd68800 JavaThread "jar transforms Thread 9" [_thread_blocked, id=28316, stack(0x0000003095200000,0x0000003095300000)]
  0x000001542bd6f000 JavaThread "jar transforms Thread 10" [_thread_blocked, id=28312, stack(0x0000003095300000,0x0000003095400000)]
  0x0000015428802000 JavaThread "jar transforms Thread 11" [_thread_blocked, id=28304, stack(0x0000003095400000,0x0000003095500000)]
  0x0000015428800800 JavaThread "jar transforms Thread 12" [_thread_blocked, id=28012, stack(0x0000003095500000,0x0000003095600000)]
  0x0000015428800000 JavaThread "jar transforms Thread 13" [_thread_blocked, id=28268, stack(0x0000003095600000,0x0000003095700000)]
  0x00000154287fd800 JavaThread "jar transforms Thread 14" [_thread_blocked, id=28196, stack(0x0000003095700000,0x0000003095800000)]
  0x00000154287fe000 JavaThread "jar transforms Thread 15" [_thread_blocked, id=28328, stack(0x0000003095800000,0x0000003095900000)]
  0x0000015428803000 JavaThread "jar transforms Thread 16" [_thread_blocked, id=28320, stack(0x0000003095900000,0x0000003095a00000)]
  0x0000015428804800 JavaThread "jar transforms Thread 17" [_thread_blocked, id=28336, stack(0x0000003095a00000,0x0000003095b00000)]
  0x0000015428804000 JavaThread "jar transforms Thread 18" [_thread_blocked, id=28340, stack(0x0000003095b00000,0x0000003095c00000)]
  0x00000154287ff000 JavaThread "jar transforms Thread 19" [_thread_blocked, id=28364, stack(0x0000003095c00000,0x0000003095d00000)]
  0x0000015428801800 JavaThread "jar transforms Thread 20" [_thread_blocked, id=28368, stack(0x0000003095d00000,0x0000003095e00000)]
  0x0000015428808000 JavaThread "jar transforms Thread 21" [_thread_blocked, id=28360, stack(0x0000003095e00000,0x0000003095f00000)]
  0x000001542880b000 JavaThread "jar transforms Thread 22" [_thread_blocked, id=20200, stack(0x0000003095f00000,0x0000003096000000)]
  0x0000015428809800 JavaThread "jar transforms Thread 23" [_thread_blocked, id=28356, stack(0x0000003096000000,0x0000003096100000)]
  0x0000015428805800 JavaThread "jar transforms Thread 24" [_thread_blocked, id=28376, stack(0x0000003096100000,0x0000003096200000)]
  0x000001542880c000 JavaThread "jar transforms Thread 25" [_thread_blocked, id=28380, stack(0x0000003096200000,0x0000003096300000)]
  0x0000015428806800 JavaThread "jar transforms Thread 26" [_thread_blocked, id=28384, stack(0x0000003096300000,0x0000003096400000)]
  0x0000015428807000 JavaThread "jar transforms Thread 27" [_thread_blocked, id=28280, stack(0x0000003096400000,0x0000003096500000)]
  0x0000015428809000 JavaThread "jar transforms Thread 28" [_thread_blocked, id=28204, stack(0x0000003096500000,0x0000003096600000)]
  0x000001542880a800 JavaThread "jar transforms Thread 29" [_thread_blocked, id=28284, stack(0x0000003096600000,0x0000003096700000)]
  0x0000015427f27800 JavaThread "jar transforms Thread 30" [_thread_blocked, id=17932, stack(0x0000003096700000,0x0000003096800000)]
  0x0000015427f28800 JavaThread "jar transforms Thread 31" [_thread_blocked, id=28324, stack(0x0000003096800000,0x0000003096900000)]
  0x0000015427f29000 JavaThread "jar transforms Thread 32" [_thread_blocked, id=24840, stack(0x0000003096900000,0x0000003096a00000)]
  0x0000015427f2b800 JavaThread "jar transforms Thread 33" [_thread_blocked, id=24836, stack(0x0000003096a00000,0x0000003096b00000)]
  0x0000015427f2a000 JavaThread "jar transforms Thread 34" [_thread_blocked, id=24832, stack(0x0000003096b00000,0x0000003096c00000)]
  0x0000015427f2b000 JavaThread "jar transforms Thread 35" [_thread_blocked, id=28352, stack(0x0000003096c00000,0x0000003096d00000)]
  0x0000015427f26000 JavaThread "jar transforms Thread 36" [_thread_blocked, id=28392, stack(0x0000003096d00000,0x0000003096e00000)]
  0x0000015427f2c800 JavaThread "jar transforms Thread 37" [_thread_blocked, id=28400, stack(0x0000003096e00000,0x0000003096f00000)]
  0x0000015427f27000 JavaThread "jar transforms Thread 38" [_thread_blocked, id=28472, stack(0x0000003096f00000,0x0000003097000000)]
  0x0000015427f33000 JavaThread "jar transforms Thread 39" [_thread_blocked, id=25452, stack(0x0000003097000000,0x0000003097100000)]
  0x0000015427f2e000 JavaThread "jar transforms Thread 40" [_thread_blocked, id=28396, stack(0x0000003097100000,0x0000003097200000)]
  0x0000015427f2f000 JavaThread "jar transforms Thread 41" [_thread_blocked, id=23780, stack(0x0000003097200000,0x0000003097300000)]
  0x0000015427f2f800 JavaThread "jar transforms Thread 42" [_thread_blocked, id=23888, stack(0x0000003097300000,0x0000003097400000)]
  0x0000015427f2d800 JavaThread "jar transforms Thread 43" [_thread_blocked, id=28580, stack(0x0000003097400000,0x0000003097500000)]
  0x0000015427f30800 JavaThread "jar transforms Thread 44" [_thread_blocked, id=28584, stack(0x0000003097500000,0x0000003097600000)]
  0x0000015427f31800 JavaThread "jar transforms Thread 45" [_thread_blocked, id=28576, stack(0x0000003097600000,0x0000003097700000)]
  0x0000015427f34000 JavaThread "jar transforms Thread 46" [_thread_blocked, id=28428, stack(0x0000003097700000,0x0000003097800000)]
  0x0000015427f32000 JavaThread "jar transforms Thread 47" [_thread_blocked, id=28588, stack(0x0000003097800000,0x0000003097900000)]
  0x0000015427f34800 JavaThread "jar transforms Thread 48" [_thread_blocked, id=28596, stack(0x0000003097900000,0x0000003097a00000)]
  0x000001542806e800 JavaThread "jar transforms Thread 49" [_thread_blocked, id=28600, stack(0x0000003097a00000,0x0000003097b00000)]
  0x000001542806d800 JavaThread "jar transforms Thread 50" [_thread_blocked, id=28592, stack(0x0000003097b00000,0x0000003097c00000)]
  0x000001542806d000 JavaThread "jar transforms Thread 51" [_thread_blocked, id=28524, stack(0x0000003097c00000,0x0000003097d00000)]
  0x000001542806a800 JavaThread "jar transforms Thread 52" [_thread_blocked, id=28528, stack(0x0000003097d00000,0x0000003097e00000)]
  0x000001542806f000 JavaThread "jar transforms Thread 53" [_thread_blocked, id=21624, stack(0x0000003097e00000,0x0000003097f00000)]
  0x000001542806b000 JavaThread "jar transforms Thread 54" [_thread_blocked, id=14400, stack(0x0000003097f00000,0x0000003098000000)]
  0x0000015428069800 JavaThread "jar transforms Thread 55" [_thread_blocked, id=23664, stack(0x0000003098000000,0x0000003098100000)]
  0x0000015428070000 JavaThread "jar transforms Thread 56" [_thread_blocked, id=28564, stack(0x0000003098100000,0x0000003098200000)]
  0x0000015428071000 JavaThread "jar transforms Thread 57" [_thread_blocked, id=28568, stack(0x0000003098200000,0x0000003098300000)]
  0x0000015428071800 JavaThread "jar transforms Thread 58" [_thread_blocked, id=28552, stack(0x0000003098300000,0x0000003098400000)]
  0x000001542806c000 JavaThread "jar transforms Thread 59" [_thread_blocked, id=26188, stack(0x0000003098400000,0x0000003098500000)]
  0x0000015428077800 JavaThread "jar transforms Thread 60" [_thread_blocked, id=26192, stack(0x0000003098500000,0x0000003098600000)]
  0x0000015428072800 JavaThread "jar transforms Thread 61" [_thread_blocked, id=25080, stack(0x0000003098600000,0x0000003098700000)]
  0x0000015428078000 JavaThread "jar transforms Thread 62" [_thread_blocked, id=25084, stack(0x0000003098700000,0x0000003098800000)]
  0x0000015428073800 JavaThread "jar transforms Thread 63" [_thread_blocked, id=25088, stack(0x0000003098800000,0x0000003098900000)]
  0x0000015428074000 JavaThread "jar transforms Thread 64" [_thread_blocked, id=17992, stack(0x0000003098900000,0x0000003098a00000)]
  0x0000015428075000 JavaThread "jar transforms Thread 65" [_thread_blocked, id=25344, stack(0x0000003098a00000,0x0000003098b00000)]
  0x0000015428075800 JavaThread "jar transforms Thread 66" [_thread_blocked, id=23980, stack(0x0000003098b00000,0x0000003098c00000)]
  0x0000015428076800 JavaThread "jar transforms Thread 67" [_thread_blocked, id=22744, stack(0x0000003098c00000,0x0000003098d00000)]
  0x000001542ab16000 JavaThread "jar transforms Thread 68" [_thread_blocked, id=26412, stack(0x0000003098d00000,0x0000003098e00000)]
  0x000001542ab1b800 JavaThread "jar transforms Thread 69" [_thread_blocked, id=26276, stack(0x0000003098e00000,0x0000003098f00000)]
  0x000001542ab17800 JavaThread "jar transforms Thread 70" [_thread_blocked, id=21108, stack(0x0000003098f00000,0x0000003099000000)]
  0x000001542ab1a000 JavaThread "jar transforms Thread 71" [_thread_blocked, id=25520, stack(0x0000003099000000,0x0000003099100000)]
  0x000001542ab18000 JavaThread "jar transforms Thread 72" [_thread_blocked, id=25524, stack(0x0000003099100000,0x0000003099200000)]
  0x000001542ab1a800 JavaThread "jar transforms Thread 73" [_thread_blocked, id=25528, stack(0x0000003099200000,0x0000003099300000)]
  0x000001542ab19000 JavaThread "jar transforms Thread 74" [_thread_blocked, id=3536, stack(0x0000003099300000,0x0000003099400000)]
  0x000001542ab1c800 JavaThread "jar transforms Thread 75" [_thread_blocked, id=27812, stack(0x0000003099400000,0x0000003099500000)]
  0x000001542ab16800 JavaThread "jar transforms Thread 76" [_thread_blocked, id=27828, stack(0x0000003099500000,0x0000003099600000)]
  0x000001542ab22000 JavaThread "jar transforms Thread 77" [_thread_blocked, id=25124, stack(0x0000003099600000,0x0000003099700000)]
  0x000001542ab1e800 JavaThread "jar transforms Thread 78" [_thread_blocked, id=25832, stack(0x0000003099700000,0x0000003099800000)]
  0x000001542ab1d000 JavaThread "jar transforms Thread 79" [_thread_blocked, id=28124, stack(0x0000003099800000,0x0000003099900000)]
  0x000001542ab1f800 JavaThread "jar transforms Thread 80" [_thread_blocked, id=28132, stack(0x0000003099900000,0x0000003099a00000)]
  0x000001542ab20800 JavaThread "jar transforms Thread 81" [_thread_blocked, id=24796, stack(0x0000003099a00000,0x0000003099b00000)]
  0x000001542ab23000 JavaThread "jar transforms Thread 82" [_thread_blocked, id=3584, stack(0x0000003099b00000,0x0000003099c00000)]
  0x000001542ab21000 JavaThread "jar transforms Thread 83" [_thread_blocked, id=28240, stack(0x0000003099c00000,0x0000003099d00000)]
  0x000001542ab23800 JavaThread "jar transforms Thread 84" [_thread_blocked, id=24868, stack(0x0000003099d00000,0x0000003099e00000)]
  0x000001542ab1e000 JavaThread "jar transforms Thread 85" [_thread_blocked, id=26428, stack(0x0000003099e00000,0x0000003099f00000)]
  0x000001542ab24800 JavaThread "jar transforms Thread 86" [_thread_blocked, id=28676, stack(0x0000003099f00000,0x000000309a000000)]
  0x000001542adea000 JavaThread "jar transforms Thread 87" [_thread_blocked, id=28680, stack(0x000000309a000000,0x000000309a100000)]
  0x000001542ade9800 JavaThread "jar transforms Thread 88" [_thread_blocked, id=28684, stack(0x000000309a100000,0x000000309a200000)]

Other Threads:
  0x00000154270e5800 VMThread "VM Thread" [stack: 0x0000003091a00000,0x0000003091b00000] [id=28640]
  0x0000015427c74800 WatcherThread [stack: 0x0000003092400000,0x0000003092500000] [id=3684]
  0x000001540d973000 GCTaskThread "GC Thread#0" [stack: 0x0000003091500000,0x0000003091600000] [id=28620]
  0x0000015428779800 GCTaskThread "GC Thread#1" [stack: 0x0000003092500000,0x0000003092600000] [id=948]
  0x00000154295f2000 GCTaskThread "GC Thread#2" [stack: 0x0000003093200000,0x0000003093300000] [id=9076]
  0x00000154294aa800 GCTaskThread "GC Thread#3" [stack: 0x0000003093300000,0x0000003093400000] [id=2296]
  0x000001542a307000 GCTaskThread "GC Thread#4" [stack: 0x0000003093400000,0x0000003093500000] [id=28104]
  0x00000154294bf800 GCTaskThread "GC Thread#5" [stack: 0x0000003093500000,0x0000003093600000] [id=27968]
  0x000001542a3b0000 GCTaskThread "GC Thread#6" [stack: 0x0000003093600000,0x0000003093700000] [id=27972]
  0x00000154294cc800 GCTaskThread "GC Thread#7" [stack: 0x0000003093700000,0x0000003093800000] [id=17760]
  0x000001540d99b800 ConcurrentGCThread "G1 Main Marker" [stack: 0x0000003091600000,0x0000003091700000] [id=28624]
  0x000001540d99d000 ConcurrentGCThread "G1 Conc#0" [stack: 0x0000003091700000,0x0000003091800000] [id=28628]
  0x00000154295a9000 ConcurrentGCThread "G1 Conc#1" [stack: 0x0000003093b00000,0x0000003093c00000] [id=27632]
  0x000001540da2c000 ConcurrentGCThread "G1 Refine#0" [stack: 0x0000003091800000,0x0000003091900000] [id=28632]
  0x000001540da2d000 ConcurrentGCThread "G1 Young RemSet Sampling" [stack: 0x0000003091900000,0x0000003091a00000] [id=28636]

Threads with active compile tasks:
C2 CompilerThread0   6446 4060       4       groovy.lang.MetaClassImpl$1MOPIter::methodNameAction (325 bytes)
C1 CompilerThread0   6446 4072   !   3       jdk.internal.loader.URLClassPath$JarLoader$1::run (175 bytes)

VM state:not at safepoint (normal execution)

VM Mutex/Monitor currently owned by a thread: None

Heap address: 0x00000000a0000000, size: 1536 MB, Compressed Oops mode: 32-bit
Narrow klass base: 0x0000000000000000, Narrow klass shift: 3
Compressed class space size: 1073741824 Address: 0x0000000100000000

Heap:
 garbage-first heap   total 126976K, used 57785K [0x00000000a0000000, 0x0000000100000000)
  region size 1024K, 23 young (23552K), 6 survivors (6144K)
 Metaspace       used 43451K, capacity 44459K, committed 44592K, reserved 1087488K
  class space    used 5572K, capacity 5915K, committed 6016K, reserved 1048576K
Heap Regions: E=young(eden), S=young(survivor), O=old, HS=humongous(starts), HC=humongous(continues), CS=collection set, F=free, A=archive, TAMS=top-at-mark-start (previous, next)
|   0|0x00000000a0000000, 0x00000000a0100000, 0x00000000a0100000|100%| O|  |TAMS 0x00000000a0100000, 0x00000000a0000000| Untracked 
|   1|0x00000000a0100000, 0x00000000a0200000, 0x00000000a0200000|100%| O|  |TAMS 0x00000000a0200000, 0x00000000a0100000| Untracked 
|   2|0x00000000a0200000, 0x00000000a0300000, 0x00000000a0300000|100%| O|  |TAMS 0x00000000a0300000, 0x00000000a0200000| Untracked 
|   3|0x00000000a0300000, 0x00000000a0400000, 0x00000000a0400000|100%|HS|  |TAMS 0x00000000a0400000, 0x00000000a0300000| Complete 
|   4|0x00000000a0400000, 0x00000000a0500000, 0x00000000a0500000|100%|HC|  |TAMS 0x00000000a0500000, 0x00000000a0400000| Complete 
|   5|0x00000000a0500000, 0x00000000a0600000, 0x00000000a0600000|100%|HC|  |TAMS 0x00000000a0600000, 0x00000000a0500000| Complete 
|   6|0x00000000a0600000, 0x00000000a0700000, 0x00000000a0700000|100%| O|  |TAMS 0x00000000a0700000, 0x00000000a0600000| Untracked 
|   7|0x00000000a0700000, 0x00000000a0800000, 0x00000000a0800000|100%| O|  |TAMS 0x00000000a0800000, 0x00000000a0700000| Untracked 
|   8|0x00000000a0800000, 0x00000000a0900000, 0x00000000a0900000|100%| O|  |TAMS 0x00000000a0900000, 0x00000000a0800000| Untracked 
|   9|0x00000000a0900000, 0x00000000a0a00000, 0x00000000a0a00000|100%| O|  |TAMS 0x00000000a0a00000, 0x00000000a0900000| Untracked 
|  10|0x00000000a0a00000, 0x00000000a0b00000, 0x00000000a0b00000|100%| O|  |TAMS 0x00000000a0b00000, 0x00000000a0a00000| Untracked 
|  11|0x00000000a0b00000, 0x00000000a0c00000, 0x00000000a0c00000|100%| O|  |TAMS 0x00000000a0c00000, 0x00000000a0b00000| Untracked 
|  12|0x00000000a0c00000, 0x00000000a0d00000, 0x00000000a0d00000|100%| O|  |TAMS 0x00000000a0d00000, 0x00000000a0c00000| Untracked 
|  13|0x00000000a0d00000, 0x00000000a0e00000, 0x00000000a0e00000|100%| O|  |TAMS 0x00000000a0e00000, 0x00000000a0d00000| Untracked 
|  14|0x00000000a0e00000, 0x00000000a0f00000, 0x00000000a0f00000|100%| O|  |TAMS 0x00000000a0f00000, 0x00000000a0e00000| Untracked 
|  15|0x00000000a0f00000, 0x00000000a1000000, 0x00000000a1000000|100%| O|  |TAMS 0x00000000a1000000, 0x00000000a0f00000| Untracked 
|  16|0x00000000a1000000, 0x00000000a1100000, 0x00000000a1100000|100%|HS|  |TAMS 0x00000000a1100000, 0x00000000a1000000| Complete 
|  17|0x00000000a1100000, 0x00000000a1200000, 0x00000000a1200000|100%|HC|  |TAMS 0x00000000a1200000, 0x00000000a1100000| Complete 
|  18|0x00000000a1200000, 0x00000000a1300000, 0x00000000a1300000|100%|HS|  |TAMS 0x00000000a1300000, 0x00000000a1200000| Complete 
|  19|0x00000000a1300000, 0x00000000a1400000, 0x00000000a1400000|100%|HC|  |TAMS 0x00000000a1400000, 0x00000000a1300000| Complete 
|  20|0x00000000a1400000, 0x00000000a1500000, 0x00000000a1500000|100%|HC|  |TAMS 0x00000000a1500000, 0x00000000a1400000| Complete 
|  21|0x00000000a1500000, 0x00000000a1600000, 0x00000000a1600000|100%|HS|  |TAMS 0x00000000a1600000, 0x00000000a1500000| Complete 
|  22|0x00000000a1600000, 0x00000000a1700000, 0x00000000a1700000|100%|HC|  |TAMS 0x00000000a1700000, 0x00000000a1600000| Complete 
|  23|0x00000000a1700000, 0x00000000a1800000, 0x00000000a1800000|100%|HC|  |TAMS 0x00000000a1800000, 0x00000000a1700000| Complete 
|  24|0x00000000a1800000, 0x00000000a1900000, 0x00000000a1900000|100%|HC|  |TAMS 0x00000000a1900000, 0x00000000a1800000| Complete 
|  25|0x00000000a1900000, 0x00000000a1a00000, 0x00000000a1a00000|100%| O|  |TAMS 0x00000000a1a00000, 0x00000000a1900000| Untracked 
|  26|0x00000000a1a00000, 0x00000000a1b00000, 0x00000000a1b00000|100%| O|  |TAMS 0x00000000a1b00000, 0x00000000a1a00000| Untracked 
|  27|0x00000000a1b00000, 0x00000000a1c00000, 0x00000000a1c00000|100%| O|  |TAMS 0x00000000a1c00000, 0x00000000a1b00000| Untracked 
|  28|0x00000000a1c00000, 0x00000000a1d00000, 0x00000000a1d00000|100%| O|  |TAMS 0x00000000a1c13c00, 0x00000000a1c00000| Untracked 
|  29|0x00000000a1d00000, 0x00000000a1e00000, 0x00000000a1e00000|100%| O|  |TAMS 0x00000000a1d00000, 0x00000000a1d00000| Untracked 
|  30|0x00000000a1e00000, 0x00000000a1ecf000, 0x00000000a1f00000| 80%| O|  |TAMS 0x00000000a1e00000, 0x00000000a1e00000| Untracked 
|  31|0x00000000a1f00000, 0x00000000a2000000, 0x00000000a2000000|100%|HS|  |TAMS 0x00000000a1f00000, 0x00000000a1f00000| Complete 
|  32|0x00000000a2000000, 0x00000000a2100000, 0x00000000a2100000|100%|HC|  |TAMS 0x00000000a2000000, 0x00000000a2000000| Complete 
|  33|0x00000000a2100000, 0x00000000a2200000, 0x00000000a2200000|100%|HC|  |TAMS 0x00000000a2100000, 0x00000000a2100000| Complete 
|  34|0x00000000a2200000, 0x00000000a2300000, 0x00000000a2300000|100%|HS|  |TAMS 0x00000000a2200000, 0x00000000a2200000| Complete 
|  35|0x00000000a2300000, 0x00000000a2400000, 0x00000000a2400000|100%|HC|  |TAMS 0x00000000a2300000, 0x00000000a2300000| Complete 
|  36|0x00000000a2400000, 0x00000000a2400000, 0x00000000a2500000|  0%| F|  |TAMS 0x00000000a2400000, 0x00000000a2400000| Untracked 
|  37|0x00000000a2500000, 0x00000000a2500000, 0x00000000a2600000|  0%| F|  |TAMS 0x00000000a2500000, 0x00000000a2500000| Untracked 
|  38|0x00000000a2600000, 0x00000000a2600000, 0x00000000a2700000|  0%| F|  |TAMS 0x00000000a2600000, 0x00000000a2600000| Untracked 
|  39|0x00000000a2700000, 0x00000000a2700000, 0x00000000a2800000|  0%| F|  |TAMS 0x00000000a2700000, 0x00000000a2700000| Untracked 
|  40|0x00000000a2800000, 0x00000000a2800000, 0x00000000a2900000|  0%| F|  |TAMS 0x00000000a2800000, 0x00000000a2800000| Untracked 
|  41|0x00000000a2900000, 0x00000000a2900000, 0x00000000a2a00000|  0%| F|  |TAMS 0x00000000a2900000, 0x00000000a2900000| Untracked 
|  42|0x00000000a2a00000, 0x00000000a2a00000, 0x00000000a2b00000|  0%| F|  |TAMS 0x00000000a2a00000, 0x00000000a2a00000| Untracked 
|  43|0x00000000a2b00000, 0x00000000a2b00000, 0x00000000a2c00000|  0%| F|  |TAMS 0x00000000a2b00000, 0x00000000a2b00000| Untracked 
|  44|0x00000000a2c00000, 0x00000000a2c00000, 0x00000000a2d00000|  0%| F|  |TAMS 0x00000000a2c00000, 0x00000000a2c00000| Untracked 
|  45|0x00000000a2d00000, 0x00000000a2d00000, 0x00000000a2e00000|  0%| F|  |TAMS 0x00000000a2d00000, 0x00000000a2d00000| Untracked 
|  46|0x00000000a2e00000, 0x00000000a2e00000, 0x00000000a2f00000|  0%| F|  |TAMS 0x00000000a2e00000, 0x00000000a2e00000| Untracked 
|  47|0x00000000a2f00000, 0x00000000a2f00000, 0x00000000a3000000|  0%| F|  |TAMS 0x00000000a2f00000, 0x00000000a2f00000| Untracked 
|  48|0x00000000a3000000, 0x00000000a3000000, 0x00000000a3100000|  0%| F|  |TAMS 0x00000000a3000000, 0x00000000a3000000| Untracked 
|  49|0x00000000a3100000, 0x00000000a3100000, 0x00000000a3200000|  0%| F|  |TAMS 0x00000000a3100000, 0x00000000a3100000| Untracked 
|  50|0x00000000a3200000, 0x00000000a3200000, 0x00000000a3300000|  0%| F|  |TAMS 0x00000000a3200000, 0x00000000a3200000| Untracked 
|  51|0x00000000a3300000, 0x00000000a3300000, 0x00000000a3400000|  0%| F|  |TAMS 0x00000000a3300000, 0x00000000a3300000| Untracked 
|  52|0x00000000a3400000, 0x00000000a3400000, 0x00000000a3500000|  0%| F|  |TAMS 0x00000000a3400000, 0x00000000a3400000| Untracked 
|  53|0x00000000a3500000, 0x00000000a3500000, 0x00000000a3600000|  0%| F|  |TAMS 0x00000000a3500000, 0x00000000a3500000| Untracked 
|  54|0x00000000a3600000, 0x00000000a3600000, 0x00000000a3700000|  0%| F|  |TAMS 0x00000000a3600000, 0x00000000a3600000| Untracked 
|  55|0x00000000a3700000, 0x00000000a3700000, 0x00000000a3800000|  0%| F|  |TAMS 0x00000000a3700000, 0x00000000a3700000| Untracked 
|  56|0x00000000a3800000, 0x00000000a3800000, 0x00000000a3900000|  0%| F|  |TAMS 0x00000000a3800000, 0x00000000a3800000| Untracked 
|  57|0x00000000a3900000, 0x00000000a3900000, 0x00000000a3a00000|  0%| F|  |TAMS 0x00000000a3900000, 0x00000000a3900000| Untracked 
|  58|0x00000000a3a00000, 0x00000000a3a00000, 0x00000000a3b00000|  0%| F|  |TAMS 0x00000000a3a00000, 0x00000000a3a00000| Untracked 
|  59|0x00000000a3b00000, 0x00000000a3b00000, 0x00000000a3c00000|  0%| F|  |TAMS 0x00000000a3b00000, 0x00000000a3b00000| Untracked 
|  60|0x00000000a3c00000, 0x00000000a3c00000, 0x00000000a3d00000|  0%| F|  |TAMS 0x00000000a3c00000, 0x00000000a3c00000| Untracked 
|  61|0x00000000a3d00000, 0x00000000a3d00000, 0x00000000a3e00000|  0%| F|  |TAMS 0x00000000a3d00000, 0x00000000a3d00000| Untracked 
|  62|0x00000000a3e00000, 0x00000000a3e00000, 0x00000000a3f00000|  0%| F|  |TAMS 0x00000000a3e00000, 0x00000000a3e00000| Untracked 
|  63|0x00000000a3f00000, 0x00000000a3f00000, 0x00000000a4000000|  0%| F|  |TAMS 0x00000000a3f00000, 0x00000000a3f00000| Untracked 
|  64|0x00000000a4000000, 0x00000000a409f7b8, 0x00000000a4100000| 62%| S|CS|TAMS 0x00000000a4000000, 0x00000000a4000000| Complete 
|  65|0x00000000a4100000, 0x00000000a4200000, 0x00000000a4200000|100%| S|CS|TAMS 0x00000000a4100000, 0x00000000a4100000| Complete 
|  66|0x00000000a4200000, 0x00000000a4300000, 0x00000000a4300000|100%| S|CS|TAMS 0x00000000a4200000, 0x00000000a4200000| Complete 
|  67|0x00000000a4300000, 0x00000000a4400000, 0x00000000a4400000|100%| S|CS|TAMS 0x00000000a4300000, 0x00000000a4300000| Complete 
|  68|0x00000000a4400000, 0x00000000a4400000, 0x00000000a4500000|  0%| F|  |TAMS 0x00000000a4400000, 0x00000000a4400000| Untracked 
|  69|0x00000000a4500000, 0x00000000a4500000, 0x00000000a4600000|  0%| F|  |TAMS 0x00000000a4500000, 0x00000000a4500000| Untracked 
|  70|0x00000000a4600000, 0x00000000a4600000, 0x00000000a4700000|  0%| F|  |TAMS 0x00000000a4600000, 0x00000000a4600000| Untracked 
|  71|0x00000000a4700000, 0x00000000a4700000, 0x00000000a4800000|  0%| F|  |TAMS 0x00000000a4700000, 0x00000000a4700000| Untracked 
|  72|0x00000000a4800000, 0x00000000a4800000, 0x00000000a4900000|  0%| F|  |TAMS 0x00000000a4800000, 0x00000000a4800000| Untracked 
|  73|0x00000000a4900000, 0x00000000a4900000, 0x00000000a4a00000|  0%| F|  |TAMS 0x00000000a4900000, 0x00000000a4900000| Untracked 
|  74|0x00000000a4a00000, 0x00000000a4b00000, 0x00000000a4b00000|100%| S|CS|TAMS 0x00000000a4a00000, 0x00000000a4a00000| Complete 
|  75|0x00000000a4b00000, 0x00000000a4c00000, 0x00000000a4c00000|100%| S|CS|TAMS 0x00000000a4b00000, 0x00000000a4b00000| Complete 
|  76|0x00000000a4c00000, 0x00000000a4c00000, 0x00000000a4d00000|  0%| F|  |TAMS 0x00000000a4c00000, 0x00000000a4c00000| Untracked 
|  77|0x00000000a4d00000, 0x00000000a4d00000, 0x00000000a4e00000|  0%| F|  |TAMS 0x00000000a4d00000, 0x00000000a4d00000| Untracked 
|  78|0x00000000a4e00000, 0x00000000a4e00000, 0x00000000a4f00000|  0%| F|  |TAMS 0x00000000a4e00000, 0x00000000a4e00000| Untracked 
|  79|0x00000000a4f00000, 0x00000000a4f00000, 0x00000000a5000000|  0%| F|  |TAMS 0x00000000a4f00000, 0x00000000a4f00000| Untracked 
|  80|0x00000000a5000000, 0x00000000a5000000, 0x00000000a5100000|  0%| F|  |TAMS 0x00000000a5000000, 0x00000000a5000000| Untracked 
|  81|0x00000000a5100000, 0x00000000a5100000, 0x00000000a5200000|  0%| F|  |TAMS 0x00000000a5100000, 0x00000000a5100000| Untracked 
|  82|0x00000000a5200000, 0x00000000a5200000, 0x00000000a5300000|  0%| F|  |TAMS 0x00000000a5200000, 0x00000000a5200000| Untracked 
|  83|0x00000000a5300000, 0x00000000a5300000, 0x00000000a5400000|  0%| F|  |TAMS 0x00000000a5300000, 0x00000000a5300000| Untracked 
|  84|0x00000000a5400000, 0x00000000a5400000, 0x00000000a5500000|  0%| F|  |TAMS 0x00000000a5400000, 0x00000000a5400000| Untracked 
|  85|0x00000000a5500000, 0x00000000a5500000, 0x00000000a5600000|  0%| F|  |TAMS 0x00000000a5500000, 0x00000000a5500000| Untracked 
|  86|0x00000000a5600000, 0x00000000a5600000, 0x00000000a5700000|  0%| F|  |TAMS 0x00000000a5600000, 0x00000000a5600000| Untracked 
|  87|0x00000000a5700000, 0x00000000a5700000, 0x00000000a5800000|  0%| F|  |TAMS 0x00000000a5700000, 0x00000000a5700000| Untracked 
|  88|0x00000000a5800000, 0x00000000a5800000, 0x00000000a5900000|  0%| F|  |TAMS 0x00000000a5800000, 0x00000000a5800000| Untracked 
|  89|0x00000000a5900000, 0x00000000a5900000, 0x00000000a5a00000|  0%| F|  |TAMS 0x00000000a5900000, 0x00000000a5900000| Untracked 
|  90|0x00000000a5a00000, 0x00000000a5a00000, 0x00000000a5b00000|  0%| F|  |TAMS 0x00000000a5a00000, 0x00000000a5a00000| Untracked 
|  91|0x00000000a5b00000, 0x00000000a5b00000, 0x00000000a5c00000|  0%| F|  |TAMS 0x00000000a5b00000, 0x00000000a5b00000| Untracked 
|  92|0x00000000a5c00000, 0x00000000a5c00000, 0x00000000a5d00000|  0%| F|  |TAMS 0x00000000a5c00000, 0x00000000a5c00000| Untracked 
|  93|0x00000000a5d00000, 0x00000000a5d00000, 0x00000000a5e00000|  0%| F|  |TAMS 0x00000000a5d00000, 0x00000000a5d00000| Untracked 
|  94|0x00000000a5e00000, 0x00000000a5e00000, 0x00000000a5f00000|  0%| F|  |TAMS 0x00000000a5e00000, 0x00000000a5e00000| Untracked 
|  95|0x00000000a5f00000, 0x00000000a5f00000, 0x00000000a6000000|  0%| F|  |TAMS 0x00000000a5f00000, 0x00000000a5f00000| Untracked 
|  96|0x00000000a6000000, 0x00000000a6000000, 0x00000000a6100000|  0%| F|  |TAMS 0x00000000a6000000, 0x00000000a6000000| Untracked 
|  97|0x00000000a6100000, 0x00000000a6100000, 0x00000000a6200000|  0%| F|  |TAMS 0x00000000a6100000, 0x00000000a6100000| Untracked 
|  98|0x00000000a6200000, 0x00000000a6200000, 0x00000000a6300000|  0%| F|  |TAMS 0x00000000a6200000, 0x00000000a6200000| Untracked 
|  99|0x00000000a6300000, 0x00000000a6300000, 0x00000000a6400000|  0%| F|  |TAMS 0x00000000a6300000, 0x00000000a6300000| Untracked 
| 100|0x00000000a6400000, 0x00000000a6400000, 0x00000000a6500000|  0%| F|  |TAMS 0x00000000a6400000, 0x00000000a6400000| Untracked 
| 101|0x00000000a6500000, 0x00000000a6500000, 0x00000000a6600000|  0%| F|  |TAMS 0x00000000a6500000, 0x00000000a6500000| Untracked 
| 102|0x00000000a6600000, 0x00000000a6600000, 0x00000000a6700000|  0%| F|  |TAMS 0x00000000a6600000, 0x00000000a6600000| Untracked 
| 103|0x00000000a6700000, 0x00000000a6700000, 0x00000000a6800000|  0%| F|  |TAMS 0x00000000a6700000, 0x00000000a6700000| Untracked 
| 104|0x00000000a6800000, 0x00000000a6800000, 0x00000000a6900000|  0%| F|  |TAMS 0x00000000a6800000, 0x00000000a6800000| Untracked 
| 105|0x00000000a6900000, 0x00000000a6900000, 0x00000000a6a00000|  0%| F|  |TAMS 0x00000000a6900000, 0x00000000a6900000| Untracked 
| 106|0x00000000a6a00000, 0x00000000a6b00000, 0x00000000a6b00000|100%| E|  |TAMS 0x00000000a6a00000, 0x00000000a6a00000| Complete 
| 107|0x00000000a6b00000, 0x00000000a6c00000, 0x00000000a6c00000|100%| E|CS|TAMS 0x00000000a6b00000, 0x00000000a6b00000| Complete 
| 108|0x00000000a6c00000, 0x00000000a6d00000, 0x00000000a6d00000|100%| E|CS|TAMS 0x00000000a6c00000, 0x00000000a6c00000| Complete 
| 109|0x00000000a6d00000, 0x00000000a6e00000, 0x00000000a6e00000|100%| E|  |TAMS 0x00000000a6d00000, 0x00000000a6d00000| Complete 
| 110|0x00000000a6e00000, 0x00000000a6f00000, 0x00000000a6f00000|100%| E|CS|TAMS 0x00000000a6e00000, 0x00000000a6e00000| Complete 
| 111|0x00000000a6f00000, 0x00000000a7000000, 0x00000000a7000000|100%| E|CS|TAMS 0x00000000a6f00000, 0x00000000a6f00000| Complete 
| 112|0x00000000a7000000, 0x00000000a7100000, 0x00000000a7100000|100%| E|CS|TAMS 0x00000000a7000000, 0x00000000a7000000| Complete 
| 113|0x00000000a7100000, 0x00000000a7200000, 0x00000000a7200000|100%| E|CS|TAMS 0x00000000a7100000, 0x00000000a7100000| Complete 
| 114|0x00000000a7200000, 0x00000000a7300000, 0x00000000a7300000|100%| E|CS|TAMS 0x00000000a7200000, 0x00000000a7200000| Complete 
| 115|0x00000000a7300000, 0x00000000a7400000, 0x00000000a7400000|100%| E|CS|TAMS 0x00000000a7300000, 0x00000000a7300000| Complete 
| 116|0x00000000a7400000, 0x00000000a7500000, 0x00000000a7500000|100%| E|CS|TAMS 0x00000000a7400000, 0x00000000a7400000| Complete 
| 117|0x00000000a7500000, 0x00000000a7600000, 0x00000000a7600000|100%| E|CS|TAMS 0x00000000a7500000, 0x00000000a7500000| Complete 
| 118|0x00000000a7600000, 0x00000000a7700000, 0x00000000a7700000|100%| E|CS|TAMS 0x00000000a7600000, 0x00000000a7600000| Complete 
| 119|0x00000000a7700000, 0x00000000a7800000, 0x00000000a7800000|100%| E|CS|TAMS 0x00000000a7700000, 0x00000000a7700000| Complete 
| 120|0x00000000a7800000, 0x00000000a7900000, 0x00000000a7900000|100%| E|CS|TAMS 0x00000000a7800000, 0x00000000a7800000| Complete 
| 121|0x00000000a7900000, 0x00000000a7a00000, 0x00000000a7a00000|100%| E|CS|TAMS 0x00000000a7900000, 0x00000000a7900000| Complete 
| 122|0x00000000a7a00000, 0x00000000a7b00000, 0x00000000a7b00000|100%| E|CS|TAMS 0x00000000a7a00000, 0x00000000a7a00000| Complete 
| 123|0x00000000a7b00000, 0x00000000a7c00000, 0x00000000a7c00000|100%| E|CS|TAMS 0x00000000a7b00000, 0x00000000a7b00000| Complete 

Card table byte_map: [0x0000015421040000,0x0000015421340000] _byte_map_base: 0x0000015420b40000

Marking Bits (Prev, Next): (CMBitMap*) 0x000001540d994e18, (CMBitMap*) 0x000001540d994e50
 Prev Bits: [0x0000015421640000, 0x0000015422e40000)
 Next Bits: [0x0000015422e40000, 0x0000015424640000)

Polling page: 0x000001540c130000

Metaspace:

Usage:
  Non-class:     37.70 MB capacity,    37.00 MB ( 98%) used,   623.09 KB (  2%) free+waste,    94.19 KB ( <1%) overhead. 
      Class:      5.78 MB capacity,     5.44 MB ( 94%) used,   297.02 KB (  5%) free+waste,    45.13 KB ( <1%) overhead. 
       Both:     43.48 MB capacity,    42.44 MB ( 98%) used,   920.12 KB (  2%) free+waste,   139.31 KB ( <1%) overhead. 

Virtual space:
  Non-class space:       38.00 MB reserved,      37.92 MB (>99%) committed 
      Class space:        1.00 GB reserved,       5.88 MB ( <1%) committed 
             Both:        1.04 GB reserved,      43.80 MB (  4%) committed 

Chunk freelists:
   Non-Class:  32.00 KB
       Class:  1.00 KB
        Both:  33.00 KB

MaxMetaspaceSize: 17179869184.00 GB
CompressedClassSpaceSize: 1.00 GB

CodeHeap 'non-profiled nmethods': size=120000Kb used=1723Kb max_used=1723Kb free=118276Kb
 bounds [0x0000015418db0000, 0x0000015419020000, 0x00000154202e0000]
CodeHeap 'profiled nmethods': size=120000Kb used=7804Kb max_used=7804Kb free=112195Kb
 bounds [0x0000015411880000, 0x0000015412030000, 0x0000015418db0000]
CodeHeap 'non-nmethods': size=5760Kb used=2211Kb max_used=2248Kb free=3549Kb
 bounds [0x00000154112e0000, 0x0000015411550000, 0x0000015411880000]
 total_blobs=4606 nmethods=3848 adapters=668
 compilation: enabled
              stopped_count=0, restarted_count=0
 full_count=0

Compilation events (20 events):
Event: 6.277 Thread 0x000001542710a800 4044 %     4       java.lang.Class::copyMethods @ 12 (36 bytes)
Event: 6.277 Thread 0x0000015427110000 nmethod 4058 0x0000015412008210 code [0x00000154120086c0, 0x000001541200aba8]
Event: 6.277 Thread 0x0000015427110000 4061       1       groovy.lang.MetaClassImpl$MethodIndexAction::skipClass (2 bytes)
Event: 6.278 Thread 0x0000015427110000 nmethod 4061 0x0000015418f5c510 code [0x0000015418f5c6c0, 0x0000015418f5c778]
Event: 6.282 Thread 0x000001542710a800 nmethod 4044% 0x0000015418f5c810 code [0x0000015418f5c9e0, 0x0000015418f5d038]
Event: 6.282 Thread 0x000001542710a800 4048       4       org.codehaus.groovy.runtime.metaclass.MetaMethodIndex::getOrPutMethods (184 bytes)
Event: 6.295 Thread 0x000001542710a800 nmethod 4048 0x0000015418f5d310 code [0x0000015418f5d4e0, 0x0000015418f5e138]
Event: 6.295 Thread 0x000001542710a800 4063 %     4       java.util.Arrays::fill @ 5 (21 bytes)
Event: 6.298 Thread 0x000001542710a800 nmethod 4063% 0x0000015418f5e610 code [0x0000015418f5e7a0, 0x0000015418f5e978]
Event: 6.298 Thread 0x000001542710a800 4060       4       groovy.lang.MetaClassImpl$1MOPIter::methodNameAction (325 bytes)
Event: 6.338 Thread 0x0000015427110000 4065       3       sun.net.util.IPAddressUtil::scan (62 bytes)
Event: 6.339 Thread 0x0000015427110000 nmethod 4065 0x000001541200ba10 code [0x000001541200bc60, 0x000001541200c548]
Event: 6.363 Thread 0x0000015427110000 4066   !   3       java.util.zip.ZipFile$Source::<init> (153 bytes)
Event: 6.364 Thread 0x0000015427110000 nmethod 4066 0x000001541200c990 code [0x000001541200cce0, 0x000001541200e2f8]
Event: 6.366 Thread 0x0000015427110000 4067   !   3       java.util.zip.ZipFile$Source::findEND (662 bytes)
Event: 6.370 Thread 0x0000015427110000 nmethod 4067 0x000001541200eb10 code [0x000001541200f060, 0x0000015412012588]
Event: 6.390 Thread 0x0000015427110000 4069   !   3       java.util.jar.JarFile::checkForSpecialAttributes (163 bytes)
Event: 6.391 Thread 0x0000015427110000 nmethod 4069 0x0000015412013d90 code [0x00000154120140c0, 0x0000015412015378]
Event: 6.393 Thread 0x0000015427110000 4070       3       sun.net.util.IPAddressUtil::checkExternalForm (69 bytes)
Event: 6.394 Thread 0x0000015427110000 nmethod 4070 0x0000015412015b10 code [0x0000015412015e00, 0x0000015412016c38]

GC Heap History (16 events):
Event: 0.596 GC heap before
{Heap before GC invocations=0 (full 0):
 garbage-first heap   total 126976K, used 29696K [0x00000000a0000000, 0x0000000100000000)
  region size 1024K, 24 young (24576K), 0 survivors (0K)
 Metaspace       used 10807K, capacity 11069K, committed 11264K, reserved 1058816K
  class space    used 1146K, capacity 1203K, committed 1280K, reserved 1048576K
}
Event: 0.603 GC heap after
{Heap after GC invocations=1 (full 0):
 garbage-first heap   total 126976K, used 8508K [0x00000000a0000000, 0x0000000100000000)
  region size 1024K, 3 young (3072K), 3 survivors (3072K)
 Metaspace       used 10807K, capacity 11069K, committed 11264K, reserved 1058816K
  class space    used 1146K, capacity 1203K, committed 1280K, reserved 1048576K
}
Event: 2.046 GC heap before
{Heap before GC invocations=1 (full 0):
 garbage-first heap   total 126976K, used 80188K [0x00000000a0000000, 0x0000000100000000)
  region size 1024K, 74 young (75776K), 3 survivors (3072K)
 Metaspace       used 19260K, capacity 19672K, committed 19968K, reserved 1067008K
  class space    used 2344K, capacity 2478K, committed 2560K, reserved 1048576K
}
Event: 2.053 GC heap after
{Heap after GC invocations=2 (full 0):
 garbage-first heap   total 126976K, used 15550K [0x00000000a0000000, 0x0000000100000000)
  region size 1024K, 10 young (10240K), 10 survivors (10240K)
 Metaspace       used 19260K, capacity 19672K, committed 19968K, reserved 1067008K
  class space    used 2344K, capacity 2478K, committed 2560K, reserved 1048576K
}
Event: 2.220 GC heap before
{Heap before GC invocations=2 (full 0):
 garbage-first heap   total 126976K, used 20670K [0x00000000a0000000, 0x0000000100000000)
  region size 1024K, 16 young (16384K), 10 survivors (10240K)
 Metaspace       used 20707K, capacity 21200K, committed 21296K, reserved 1069056K
  class space    used 2439K, capacity 2649K, committed 2688K, reserved 1048576K
}
Event: 2.229 GC heap after
{Heap after GC invocations=3 (full 0):
 garbage-first heap   total 126976K, used 15986K [0x00000000a0000000, 0x0000000100000000)
  region size 1024K, 1 young (1024K), 1 survivors (1024K)
 Metaspace       used 20707K, capacity 21200K, committed 21296K, reserved 1069056K
  class space    used 2439K, capacity 2649K, committed 2688K, reserved 1048576K
}
Event: 3.085 GC heap before
{Heap before GC invocations=4 (full 0):
 garbage-first heap   total 126976K, used 70258K [0x00000000a0000000, 0x0000000100000000)
  region size 1024K, 46 young (47104K), 1 survivors (1024K)
 Metaspace       used 26117K, capacity 26846K, committed 27056K, reserved 1073152K
  class space    used 3322K, capacity 3567K, committed 3584K, reserved 1048576K
}
Event: 3.088 GC heap after
{Heap after GC invocations=5 (full 0):
 garbage-first heap   total 126976K, used 28459K [0x00000000a0000000, 0x0000000100000000)
  region size 1024K, 4 young (4096K), 4 survivors (4096K)
 Metaspace       used 26117K, capacity 26846K, committed 27056K, reserved 1073152K
  class space    used 3322K, capacity 3567K, committed 3584K, reserved 1048576K
}
Event: 3.911 GC heap before
{Heap before GC invocations=5 (full 0):
 garbage-first heap   total 126976K, used 74539K [0x00000000a0000000, 0x0000000100000000)
  region size 1024K, 50 young (51200K), 4 survivors (4096K)
 Metaspace       used 34065K, capacity 34783K, committed 35120K, reserved 1079296K
  class space    used 4337K, capacity 4617K, committed 4736K, reserved 1048576K
}
Event: 3.917 GC heap after
{Heap after GC invocations=6 (full 0):
 garbage-first heap   total 126976K, used 31301K [0x00000000a0000000, 0x0000000100000000)
  region size 1024K, 7 young (7168K), 7 survivors (7168K)
 Metaspace       used 34065K, capacity 34783K, committed 35120K, reserved 1079296K
  class space    used 4337K, capacity 4617K, committed 4736K, reserved 1048576K
}
Event: 4.009 GC heap before
{Heap before GC invocations=6 (full 0):
 garbage-first heap   total 126976K, used 34373K [0x00000000a0000000, 0x0000000100000000)
  region size 1024K, 11 young (11264K), 7 survivors (7168K)
 Metaspace       used 34832K, capacity 35627K, committed 35888K, reserved 1081344K
  class space    used 4444K, capacity 4729K, committed 4736K, reserved 1048576K
}
Event: 4.016 GC heap after
{Heap after GC invocations=7 (full 0):
 garbage-first heap   total 126976K, used 32332K [0x00000000a0000000, 0x0000000100000000)
  region size 1024K, 4 young (4096K), 4 survivors (4096K)
 Metaspace       used 34832K, capacity 35627K, committed 35888K, reserved 1081344K
  class space    used 4444K, capacity 4729K, committed 4736K, reserved 1048576K
}
Event: 4.720 GC heap before
{Heap before GC invocations=8 (full 0):
 garbage-first heap   total 126976K, used 82508K [0x00000000a0000000, 0x0000000100000000)
  region size 1024K, 50 young (51200K), 4 survivors (4096K)
 Metaspace       used 39519K, capacity 40419K, committed 40752K, reserved 1085440K
  class space    used 5042K, capacity 5379K, committed 5504K, reserved 1048576K
}
Event: 4.726 GC heap after
{Heap after GC invocations=9 (full 0):
 garbage-first heap   total 126976K, used 34788K [0x00000000a0000000, 0x0000000100000000)
  region size 1024K, 6 young (6144K), 6 survivors (6144K)
 Metaspace       used 39519K, capacity 40419K, committed 40752K, reserved 1085440K
  class space    used 5042K, capacity 5379K, committed 5504K, reserved 1048576K
}
Event: 5.857 GC heap before
{Heap before GC invocations=9 (full 0):
 garbage-first heap   total 126976K, used 83940K [0x00000000a0000000, 0x0000000100000000)
  region size 1024K, 54 young (55296K), 6 survivors (6144K)
 Metaspace       used 43256K, capacity 44292K, committed 44592K, reserved 1087488K
  class space    used 5558K, capacity 5906K, committed 6016K, reserved 1048576K
}
Event: 5.864 GC heap after
{Heap after GC invocations=10 (full 0):
 garbage-first heap   total 126976K, used 37305K [0x00000000a0000000, 0x0000000100000000)
  region size 1024K, 6 young (6144K), 6 survivors (6144K)
 Metaspace       used 43256K, capacity 44292K, committed 44592K, reserved 1087488K
  class space    used 5558K, capacity 5906K, committed 6016K, reserved 1048576K
}

Deoptimization events (20 events):
Event: 5.669 Thread 0x000001542bd67800 DEOPT PACKING pc=0x0000015418f41b94 sp=0x0000003094afe500
Event: 5.669 Thread 0x000001542bd67800 DEOPT UNPACKING pc=0x00000154112e822f sp=0x0000003094afe458 mode 2
Event: 6.258 Thread 0x000001542871e800 DEOPT PACKING pc=0x0000015411906aa1 sp=0x0000003092efa9f0
Event: 6.258 Thread 0x000001542871e800 DEOPT UNPACKING pc=0x0000015411308ade sp=0x0000003092ef9ee8 mode 0
Event: 6.260 Thread 0x000001542871e800 DEOPT PACKING pc=0x0000015411906aa1 sp=0x0000003092efa9f0
Event: 6.260 Thread 0x000001542871e800 DEOPT UNPACKING pc=0x0000015411308ade sp=0x0000003092ef9ee8 mode 0
Event: 6.283 Thread 0x000001542871e800 DEOPT PACKING pc=0x0000015411935cc4 sp=0x0000003092ef2e30
Event: 6.283 Thread 0x000001542871e800 DEOPT UNPACKING pc=0x0000015411308ade sp=0x0000003092ef2420 mode 0
Event: 6.302 Thread 0x000001542871e800 DEOPT PACKING pc=0x0000015411935cc4 sp=0x0000003092ef2e30
Event: 6.302 Thread 0x000001542871e800 DEOPT UNPACKING pc=0x0000015411308ade sp=0x0000003092ef2420 mode 0
Event: 6.311 Thread 0x000001542871e800 Uncommon trap: trap_request=0xffffff4d fr.pc=0x0000015418e09634 relative=0x0000000000000ad4
Event: 6.311 Thread 0x000001542871e800 Uncommon trap: reason=unstable_if action=reinterpret pc=0x0000015418e09634 method=java.util.jar.JarFile.checkForSpecialAttributes()V @ 53 c2
Event: 6.311 Thread 0x000001542871e800 DEOPT PACKING pc=0x0000015418e09634 sp=0x0000003092ef3420
Event: 6.311 Thread 0x000001542871e800 DEOPT UNPACKING pc=0x00000154112e822f sp=0x0000003092ef33c0 mode 2
Event: 6.318 Thread 0x000001542871e800 DEOPT PACKING pc=0x0000015411935783 sp=0x0000003092ef2e30
Event: 6.318 Thread 0x000001542871e800 DEOPT UNPACKING pc=0x0000015411308ade sp=0x0000003092ef23a8 mode 0
Event: 6.353 Thread 0x000001542871e800 DEOPT PACKING pc=0x0000015411935783 sp=0x0000003092ef2e30
Event: 6.353 Thread 0x000001542871e800 DEOPT UNPACKING pc=0x0000015411308ade sp=0x0000003092ef23a8 mode 0
Event: 6.402 Thread 0x000001542871e800 DEOPT PACKING pc=0x0000015411935cc4 sp=0x0000003092ef2dc0
Event: 6.402 Thread 0x000001542871e800 DEOPT UNPACKING pc=0x0000015411308ade sp=0x0000003092ef2398 mode 0

Classes redefined (0 events):
No events

Internal exceptions (20 events):
Event: 6.322 Thread 0x000001542871e800 Exception <a 'java/security/PrivilegedActionException'{0x00000000a6ff5730}> (0x00000000a6ff5730) thrown at [./src/hotspot/share/prims/jvm.cpp, line 1297]
Event: 6.322 Thread 0x000001542871e800 Exception <a 'java/security/PrivilegedActionException'{0x00000000a6ff6748}> (0x00000000a6ff6748) thrown at [./src/hotspot/share/prims/jvm.cpp, line 1297]
Event: 6.322 Thread 0x000001542871e800 Exception <a 'java/security/PrivilegedActionException'{0x00000000a6ff9400}> (0x00000000a6ff9400) thrown at [./src/hotspot/share/prims/jvm.cpp, line 1297]
Event: 6.322 Thread 0x000001542871e800 Exception <a 'java/security/PrivilegedActionException'{0x00000000a6ffa418}> (0x00000000a6ffa418) thrown at [./src/hotspot/share/prims/jvm.cpp, line 1297]
Event: 6.323 Thread 0x000001542871e800 Exception <a 'java/security/PrivilegedActionException'{0x00000000a6ffce68}> (0x00000000a6ffce68) thrown at [./src/hotspot/share/prims/jvm.cpp, line 1297]
Event: 6.323 Thread 0x000001542871e800 Exception <a 'java/security/PrivilegedActionException'{0x00000000a6ffde80}> (0x00000000a6ffde80) thrown at [./src/hotspot/share/prims/jvm.cpp, line 1297]
Event: 6.323 Thread 0x000001542871e800 Exception <a 'java/security/PrivilegedActionException'{0x00000000a6e364c0}> (0x00000000a6e364c0) thrown at [./src/hotspot/share/prims/jvm.cpp, line 1297]
Event: 6.323 Thread 0x000001542871e800 Exception <a 'java/security/PrivilegedActionException'{0x00000000a6e374d8}> (0x00000000a6e374d8) thrown at [./src/hotspot/share/prims/jvm.cpp, line 1297]
Event: 6.392 Thread 0x000001542871e800 Exception <a 'java/security/PrivilegedActionException'{0x00000000a6b2d850}> (0x00000000a6b2d850) thrown at [./src/hotspot/share/prims/jvm.cpp, line 1297]
Event: 6.392 Thread 0x000001542871e800 Exception <a 'java/security/PrivilegedActionException'{0x00000000a6b2e868}> (0x00000000a6b2e868) thrown at [./src/hotspot/share/prims/jvm.cpp, line 1297]
Event: 6.392 Thread 0x000001542871e800 Exception <a 'java/security/PrivilegedActionException'{0x00000000a6b311b0}> (0x00000000a6b311b0) thrown at [./src/hotspot/share/prims/jvm.cpp, line 1297]
Event: 6.392 Thread 0x000001542871e800 Exception <a 'java/security/PrivilegedActionException'{0x00000000a6b321c8}> (0x00000000a6b321c8) thrown at [./src/hotspot/share/prims/jvm.cpp, line 1297]
Event: 6.392 Thread 0x000001542871e800 Exception <a 'java/security/PrivilegedActionException'{0x00000000a6b34bd0}> (0x00000000a6b34bd0) thrown at [./src/hotspot/share/prims/jvm.cpp, line 1297]
Event: 6.392 Thread 0x000001542871e800 Exception <a 'java/security/PrivilegedActionException'{0x00000000a6b35be8}> (0x00000000a6b35be8) thrown at [./src/hotspot/share/prims/jvm.cpp, line 1297]
Event: 6.392 Thread 0x000001542871e800 Exception <a 'java/security/PrivilegedActionException'{0x00000000a6b38530}> (0x00000000a6b38530) thrown at [./src/hotspot/share/prims/jvm.cpp, line 1297]
Event: 6.392 Thread 0x000001542871e800 Exception <a 'java/security/PrivilegedActionException'{0x00000000a6b39548}> (0x00000000a6b39548) thrown at [./src/hotspot/share/prims/jvm.cpp, line 1297]
Event: 6.392 Thread 0x000001542871e800 Exception <a 'java/security/PrivilegedActionException'{0x00000000a6b3bee8}> (0x00000000a6b3bee8) thrown at [./src/hotspot/share/prims/jvm.cpp, line 1297]
Event: 6.392 Thread 0x000001542871e800 Exception <a 'java/security/PrivilegedActionException'{0x00000000a6b3cf00}> (0x00000000a6b3cf00) thrown at [./src/hotspot/share/prims/jvm.cpp, line 1297]
Event: 6.393 Thread 0x000001542871e800 Exception <a 'java/security/PrivilegedActionException'{0x00000000a6b3f8f8}> (0x00000000a6b3f8f8) thrown at [./src/hotspot/share/prims/jvm.cpp, line 1297]
Event: 6.393 Thread 0x000001542871e800 Exception <a 'java/security/PrivilegedActionException'{0x00000000a6b40910}> (0x00000000a6b40910) thrown at [./src/hotspot/share/prims/jvm.cpp, line 1297]

Events (20 events):
Event: 6.271 loading class groovy/runtime/metaclass/build_6y7exid03q87ye9j8ra5htqerMetaClass
Event: 6.271 loading class groovy/runtime/metaclass/build_6y7exid03q87ye9j8ra5htqerMetaClass done
Event: 6.272 loading class build_6y7exid03q87ye9j8ra5htqerBeanInfo
Event: 6.272 loading class build_6y7exid03q87ye9j8ra5htqerBeanInfo done
Event: 6.272 loading class build_6y7exid03q87ye9j8ra5htqerBeanInfo
Event: 6.272 loading class build_6y7exid03q87ye9j8ra5htqerBeanInfo done
Event: 6.272 loading class build_6y7exid03q87ye9j8ra5htqerCustomizer
Event: 6.272 loading class build_6y7exid03q87ye9j8ra5htqerCustomizer done
Event: 6.272 loading class build_6y7exid03q87ye9j8ra5htqerCustomizer
Event: 6.272 loading class build_6y7exid03q87ye9j8ra5htqerCustomizer done
Event: 6.274 loading class groovy/runtime/metaclass/build_6y7exid03q87ye9j8ra5htqer$_run_closure1MetaClass
Event: 6.274 loading class groovy/runtime/metaclass/build_6y7exid03q87ye9j8ra5htqer$_run_closure1MetaClass done
Event: 6.275 loading class groovy/runtime/metaclass/org/gradle/api/internal/project/DefaultProject_DecoratedMetaClass
Event: 6.275 loading class groovy/runtime/metaclass/org/gradle/api/internal/project/DefaultProject_DecoratedMetaClass done
Event: 6.277 loading class org/gradle/api/internal/project/DefaultProject_DecoratedBeanInfo
Event: 6.277 loading class org/gradle/api/internal/project/DefaultProject_DecoratedBeanInfo done
Event: 6.277 loading class org/gradle/api/internal/project/DefaultProject_DecoratedBeanInfo
Event: 6.277 loading class org/gradle/api/internal/project/DefaultProject_DecoratedBeanInfo done
Event: 6.277 loading class org/gradle/api/internal/project/DefaultProject_DecoratedBeanInfo
Event: 6.277 loading class org/gradle/api/internal/project/DefaultProject_DecoratedBeanInfo done


Dynamic libraries:
0x00007ff746ef0000 - 0x00007ff746efa000 	C:\Program Files\Android\Android Studio\jre\bin\java.exe
0x00007fff6d960000 - 0x00007fff6db69000 	C:\WINDOWS\SYSTEM32\ntdll.dll
0x00007fff6c6f0000 - 0x00007fff6c7ad000 	C:\WINDOWS\System32\KERNEL32.DLL
0x00007fff6b060000 - 0x00007fff6b3d4000 	C:\WINDOWS\System32\KERNELBASE.dll
0x00007fff6b3e0000 - 0x00007fff6b4f1000 	C:\WINDOWS\System32\ucrtbase.dll
0x00007fff520f0000 - 0x00007fff52109000 	C:\Program Files\Android\Android Studio\jre\bin\jli.dll
0x00007fff51770000 - 0x00007fff51787000 	C:\Program Files\Android\Android Studio\jre\bin\VCRUNTIME140.dll
0x00007fff6d740000 - 0x00007fff6d8ec000 	C:\WINDOWS\System32\USER32.dll
0x00007fff4d390000 - 0x00007fff4d635000 	C:\WINDOWS\WinSxS\amd64_microsoft.windows.common-controls_6595b64144ccf1df_6.0.22000.120_none_9d947278b86cc467\COMCTL32.dll
0x00007fff6ae50000 - 0x00007fff6ae76000 	C:\WINDOWS\System32\win32u.dll
0x00007fff6c5b0000 - 0x00007fff6c653000 	C:\WINDOWS\System32\msvcrt.dll
0x00007fff6d8f0000 - 0x00007fff6d919000 	C:\WINDOWS\System32\GDI32.dll
0x00007fff6b500000 - 0x00007fff6b612000 	C:\WINDOWS\System32\gdi32full.dll
0x00007fff6afc0000 - 0x00007fff6b05d000 	C:\WINDOWS\System32\msvcp_win.dll
0x00007fff6ce90000 - 0x00007fff6cec1000 	C:\WINDOWS\System32\IMM32.DLL
0x00007fff46ea0000 - 0x00007fff46f3d000 	C:\Program Files\Android\Android Studio\jre\bin\msvcp140.dll
0x00007ffefa9f0000 - 0x00007ffefb4ac000 	C:\Program Files\Android\Android Studio\jre\bin\server\jvm.dll
0x00007fff6ca00000 - 0x00007fff6caae000 	C:\WINDOWS\System32\ADVAPI32.dll
0x00007fff6c4e0000 - 0x00007fff6c57e000 	C:\WINDOWS\System32\sechost.dll
0x00007fff6c7b0000 - 0x00007fff6c8d0000 	C:\WINDOWS\System32\RPCRT4.dll
0x00007fff6c5a0000 - 0x00007fff6c5a8000 	C:\WINDOWS\System32\PSAPI.DLL
0x00007fff51a80000 - 0x00007fff51a89000 	C:\WINDOWS\SYSTEM32\WSOCK32.dll
0x00007fff62d00000 - 0x00007fff62d33000 	C:\WINDOWS\SYSTEM32\WINMM.dll
0x00007fff5cdb0000 - 0x00007fff5cdba000 	C:\WINDOWS\SYSTEM32\VERSION.dll
0x00007fff6c990000 - 0x00007fff6c9ff000 	C:\WINDOWS\System32\WS2_32.dll
0x00007fff69f50000 - 0x00007fff69f68000 	C:\WINDOWS\SYSTEM32\kernel.appcore.dll
0x00007fff5f1f0000 - 0x00007fff5f201000 	C:\Program Files\Android\Android Studio\jre\bin\verify.dll
0x00007fff68410000 - 0x00007fff68631000 	C:\WINDOWS\SYSTEM32\DBGHELP.DLL
0x00007fff62cc0000 - 0x00007fff62cf1000 	C:\WINDOWS\SYSTEM32\dbgcore.DLL
0x00007fff6af40000 - 0x00007fff6afbf000 	C:\WINDOWS\System32\bcryptPrimitives.dll
0x00007fff5ce30000 - 0x00007fff5ce59000 	C:\Program Files\Android\Android Studio\jre\bin\java.dll
0x00007fff5f1e0000 - 0x00007fff5f1eb000 	C:\Program Files\Android\Android Studio\jre\bin\jimage.dll
0x00007fff5c980000 - 0x00007fff5c998000 	C:\Program Files\Android\Android Studio\jre\bin\zip.dll
0x00007fff6bbf0000 - 0x00007fff6c39e000 	C:\WINDOWS\System32\SHELL32.dll
0x00007fff68f80000 - 0x00007fff697e8000 	C:\WINDOWS\SYSTEM32\windows.storage.dll
0x00007fff6cf50000 - 0x00007fff6d2c8000 	C:\WINDOWS\System32\combase.dll
0x00007fff68e10000 - 0x00007fff68f76000 	C:\WINDOWS\SYSTEM32\wintypes.dll
0x00007fff6b880000 - 0x00007fff6b96a000 	C:\WINDOWS\System32\SHCORE.dll
0x00007fff6bb30000 - 0x00007fff6bb8d000 	C:\WINDOWS\System32\shlwapi.dll
0x00007fff6ad80000 - 0x00007fff6ada1000 	C:\WINDOWS\SYSTEM32\profapi.dll
0x00007fff5c8e0000 - 0x00007fff5c8fa000 	C:\Program Files\Android\Android Studio\jre\bin\net.dll
0x00007fff611b0000 - 0x00007fff612bc000 	C:\WINDOWS\SYSTEM32\WINHTTP.dll
0x00007fff6a380000 - 0x00007fff6a3e7000 	C:\WINDOWS\system32\mswsock.dll
0x00007fff5c860000 - 0x00007fff5c874000 	C:\Program Files\Android\Android Studio\jre\bin\nio.dll
0x00007fff4fe30000 - 0x00007fff4fe57000 	C:\Users\Dell\.gradle\native\f6784746aeab05261644944871eae4fe03e0ef1612fff0a4a95f87b438bc6780\windows-amd64\native-platform.dll
0x00007fff5cf00000 - 0x00007fff5cf0a000 	C:\Program Files\Android\Android Studio\jre\bin\management.dll
0x00007fff5a6b0000 - 0x00007fff5a6bc000 	C:\Program Files\Android\Android Studio\jre\bin\management_ext.dll
0x00007fff6a5d0000 - 0x00007fff6a5e8000 	C:\WINDOWS\SYSTEM32\CRYPTSP.dll
0x00007fff69eb0000 - 0x00007fff69ee5000 	C:\WINDOWS\system32\rsaenh.dll
0x00007fff6a470000 - 0x00007fff6a499000 	C:\WINDOWS\SYSTEM32\USERENV.dll
0x00007fff6a830000 - 0x00007fff6a857000 	C:\WINDOWS\SYSTEM32\bcrypt.dll
0x00007fff6a5c0000 - 0x00007fff6a5cc000 	C:\WINDOWS\SYSTEM32\CRYPTBASE.dll
0x00007fff69a30000 - 0x00007fff69a5d000 	C:\WINDOWS\SYSTEM32\IPHLPAPI.DLL
0x00007fff6cab0000 - 0x00007fff6cab9000 	C:\WINDOWS\System32\NSI.dll
0x00007fff60260000 - 0x00007fff60279000 	C:\WINDOWS\SYSTEM32\dhcpcsvc6.DLL
0x00007fff60680000 - 0x00007fff6069e000 	C:\WINDOWS\SYSTEM32\dhcpcsvc.DLL
0x00007fff69a60000 - 0x00007fff69b47000 	C:\WINDOWS\SYSTEM32\DNSAPI.dll
0x00007fff61fb0000 - 0x00007fff61fbc000 	C:\WINDOWS\SYSTEM32\WINNSI.DLL

dbghelp: loaded successfully - version: 4.0.5 - missing functions: none
symbol engine: initialized successfully - sym options: 0x614 - pdb path: .;C:\Program Files\Android\Android Studio\jre\bin;C:\WINDOWS\SYSTEM32;C:\WINDOWS\WinSxS\amd64_microsoft.windows.common-controls_6595b64144ccf1df_6.0.22000.120_none_9d947278b86cc467;C:\Program Files\Android\Android Studio\jre\bin\server;C:\Users\Dell\.gradle\native\f6784746aeab05261644944871eae4fe03e0ef1612fff0a4a95f87b438bc6780\windows-amd64

VM Arguments:
jvm_args: --add-opens=java.base/java.util=ALL-UNNAMED --add-opens=java.base/java.lang=ALL-UNNAMED --add-opens=java.base/java.lang.invoke=ALL-UNNAMED --add-opens=java.prefs/java.util.prefs=ALL-UNNAMED -Xmx1536m -Dfile.encoding=windows-1252 -Duser.country=IN -Duser.language=en -Duser.variant 
java_command: org.gradle.launcher.daemon.bootstrap.GradleDaemon 6.5
java_class_path (initial): C:\Users\Dell\.gradle\wrapper\dists\gradle-6.5-all\2oz4ud9k3tuxjg84bbf55q0tn\gradle-6.5\lib\gradle-launcher-6.5.jar
Launcher Type: SUN_STANDARD

[Global flags]
     intx CICompilerCount                          = 4                                         {product} {ergonomic}
     uint ConcGCThreads                            = 2                                         {product} {ergonomic}
     uint G1ConcRefinementThreads                  = 8                                         {product} {ergonomic}
   size_t G1HeapRegionSize                         = 1048576                                   {product} {ergonomic}
    uintx GCDrainStackTargetSize                   = 64                                        {product} {ergonomic}
   size_t InitialHeapSize                          = 130023424                                 {product} {ergonomic}
   size_t MarkStackSize                            = 4194304                                   {product} {ergonomic}
   size_t MaxHeapSize                              = 1610612736                                {product} {command line}
   size_t MaxNewSize                               = 965738496                                 {product} {ergonomic}
   size_t MinHeapDeltaBytes                        = 1048576                                   {product} {ergonomic}
    uintx NonNMethodCodeHeapSize                   = 5836300                                {pd product} {ergonomic}
    uintx NonProfiledCodeHeapSize                  = 122910970                              {pd product} {ergonomic}
    uintx ProfiledCodeHeapSize                     = 122910970                              {pd product} {ergonomic}
    uintx ReservedCodeCacheSize                    = 251658240                              {pd product} {ergonomic}
     bool SegmentedCodeCache                       = true                                      {product} {ergonomic}
     bool UseCompressedClassPointers               = true                                 {lp64_product} {ergonomic}
     bool UseCompressedOops                        = true                                 {lp64_product} {ergonomic}
     bool UseG1GC                                  = true                                      {product} {ergonomic}
     bool UseLargePagesIndividualAllocation        = false                                  {pd product} {ergonomic}

Logging:
Log output configuration:
 #0: stdout all=warning uptime,level,tags
 #1: stderr all=off uptime,level,tags

Environment Variables:
PATH=C:\ProgramData\Oracle\Java\javapath;C:\WINDOWS\system32;C:\WINDOWS;C:\WINDOWS\System32\Wbem;C:\WINDOWS\System32\WindowsPowerShell\v1.0\;C:\WINDOWS\System32\OpenSSH\;C:\Program Files\Git\cmd;C:\Program Files\MySQL\MySQL Shell 8.0\bin\;C:\Users\Dell\AppData\Local\Programs\Python\Python39\Scripts\;C:\Users\Dell\AppData\Local\Programs\Python\Python39\;C:\Users\Dell\AppData\Local\Microsoft\WindowsApps;C:\Users\Dell\AppData\Local\GitHubDesktop\bin;
USERNAME=Dell
OS=Windows_NT
PROCESSOR_IDENTIFIER=Intel64 Family 6 Model 140 Stepping 1, GenuineIntel



---------------  S Y S T E M  ---------------

OS: Windows 10 , 64 bit Build 22000 (10.0.22000.434)
OS uptime: 7 days 17:05 hours

CPU:total 8 (initial active 8) (4 cores per cpu, 2 threads per core) family 6 model 140 stepping 1, cmov, cx8, fxsr, mmx, sse, sse2, sse3, ssse3, sse4.1, sse4.2, popcnt, avx, avx2, aes, clmul, erms, 3dnowpref, lzcnt, ht, tsc, tscinvbit, bmi1, bmi2, adx, evex, sha, fma

Memory: 4k page, system-wide physical 7914M (282M free)
TotalPageFile size 32490M (AvailPageFile size 0M)
current process WorkingSet (physical memory assigned to process): 265M, peak: 265M
current process commit charge ("private bytes"): 310M, peak: 312M

vm_info: OpenJDK 64-Bit Server VM (11.0.8+10-b944.6842174) for windows-amd64 JRE (11.0.8+10-b944.6842174), built on Sep 19 2020 01:11:42 by "builder" with MS VC++ 14.0 (VS2015)

END.
